{"contracts/abstracts/Operator.sol":{"l":{"57":39,"58":39,"59":39,"60":39,"65":152,"70":62,"82":252,"83":250,"84":244,"85":244,"86":242,"87":242,"89":242,"94":26,"95":26,"96":26,"97":24,"98":24,"100":24,"105":421,"107":421,"121":524,"122":352,"123":352,"125":352,"126":1216,"128":1216,"130":1216,"131":352,"132":352,"134":864,"138":352,"139":352,"142":524,"146":524,"147":524,"149":524,"153":524,"154":524,"155":524,"157":524},"path":"/Users/tonyjin/Crypto/kernel/contracts/abstracts/Operator.sol","s":{"1":39,"2":39,"3":39,"4":39,"5":152,"6":62,"7":6,"8":56,"9":13,"10":43,"11":10,"12":33,"13":6,"14":27,"15":6,"16":21,"17":6,"18":15,"19":15,"20":0,"21":252,"22":104,"23":250,"24":244,"25":244,"26":242,"27":242,"28":242,"29":26,"30":26,"31":26,"32":24,"33":24,"34":24,"35":421,"36":421,"37":524,"38":352,"39":352,"40":352,"41":1216,"42":1216,"43":1216,"44":352,"45":864,"46":352,"47":352,"48":524,"49":524,"50":524,"51":524,"52":524,"53":524,"54":524,"55":0,"56":524},"b":{"1":[6,56],"2":[13,43],"3":[10,33],"4":[6,27],"5":[6,21],"6":[6,15],"7":[15,0],"8":[104,148],"9":[244,0],"10":[242,2],"11":[24,2],"12":[352,172],"13":[352,864],"14":[524,0],"15":[0,524]},"f":{"1":39,"2":152,"3":62,"4":252,"5":26,"6":421,"7":524,"8":524,"9":524},"fnMap":{"1":{"name":"constructor","line":56,"loc":{"start":{"line":56,"column":4},"end":{"line":61,"column":4}}},"2":{"name":"timeline","line":64,"loc":{"start":{"line":64,"column":4},"end":{"line":66,"column":4}}},"3":{"name":"set","line":69,"loc":{"start":{"line":69,"column":4},"end":{"line":78,"column":4}}},"4":{"name":"join","line":81,"loc":{"start":{"line":81,"column":4},"end":{"line":90,"column":4}}},"5":{"name":"exit","line":93,"loc":{"start":{"line":93,"column":4},"end":{"line":101,"column":4}}},"6":{"name":"transfer","line":104,"loc":{"start":{"line":104,"column":4},"end":{"line":108,"column":4}}},"7":{"name":"_checkpoint","line":120,"loc":{"start":{"line":120,"column":4},"end":{"line":143,"column":4}}},"8":{"name":"_compute","line":145,"loc":{"start":{"line":145,"column":4},"end":{"line":150,"column":4}}},"9":{"name":"_staticcall","line":152,"loc":{"start":{"line":152,"column":4},"end":{"line":158,"column":4}}}},"statementMap":{"1":{"start":{"line":57,"column":8},"end":{"line":57,"column":23}},"2":{"start":{"line":58,"column":8},"end":{"line":58,"column":31}},"3":{"start":{"line":59,"column":8},"end":{"line":59,"column":56}},"4":{"start":{"line":60,"column":8},"end":{"line":60,"column":21}},"5":{"start":{"line":65,"column":8},"end":{"line":65,"column":29}},"6":{"start":{"line":70,"column":8},"end":{"line":70,"column":2211}},"7":{"start":{"line":70,"column":61},"end":{"line":70,"column":101}},"8":{"start":{"line":71,"column":13},"end":{"line":71,"column":2320}},"9":{"start":{"line":71,"column":64},"end":{"line":71,"column":102}},"10":{"start":{"line":72,"column":13},"end":{"line":72,"column":2425}},"11":{"start":{"line":72,"column":63},"end":{"line":72,"column":100}},"12":{"start":{"line":73,"column":13},"end":{"line":73,"column":2528}},"13":{"start":{"line":73,"column":61},"end":{"line":73,"column":95}},"14":{"start":{"line":74,"column":13},"end":{"line":74,"column":2626}},"15":{"start":{"line":74,"column":63},"end":{"line":74,"column":100}},"16":{"start":{"line":75,"column":13},"end":{"line":75,"column":2729}},"17":{"start":{"line":75,"column":62},"end":{"line":75,"column":95}},"18":{"start":{"line":76,"column":13},"end":{"line":76,"column":2827}},"19":{"start":{"line":76,"column":60},"end":{"line":76,"column":94}},"20":{"start":{"line":77,"column":13},"end":{"line":77,"column":23}},"21":{"start":{"line":82,"column":8},"end":{"line":82,"column":31}},"22":{"start":{"line":82,"column":21},"end":{"line":82,"column":30}},"23":{"start":{"line":83,"column":8},"end":{"line":83,"column":56}},"24":{"start":{"line":84,"column":8},"end":{"line":84,"column":31}},"25":{"start":{"line":85,"column":8},"end":{"line":85,"column":86}},"26":{"start":{"line":86,"column":8},"end":{"line":86,"column":71}},"27":{"start":{"line":87,"column":8},"end":{"line":87,"column":71}},"28":{"start":{"line":89,"column":8},"end":{"line":89,"column":56}},"29":{"start":{"line":94,"column":8},"end":{"line":94,"column":78}},"30":{"start":{"line":95,"column":8},"end":{"line":95,"column":56}},"31":{"start":{"line":96,"column":8},"end":{"line":96,"column":31}},"32":{"start":{"line":97,"column":8},"end":{"line":97,"column":88}},"33":{"start":{"line":98,"column":8},"end":{"line":98,"column":49}},"34":{"start":{"line":100,"column":8},"end":{"line":100,"column":50}},"35":{"start":{"line":105,"column":8},"end":{"line":105,"column":65}},"36":{"start":{"line":107,"column":8},"end":{"line":107,"column":46}},"37":{"start":{"line":121,"column":8},"end":{"line":121,"column":4608}},"38":{"start":{"line":122,"column":12},"end":{"line":122,"column":37}},"39":{"start":{"line":123,"column":12},"end":{"line":123,"column":57}},"40":{"start":{"line":125,"column":12},"end":{"line":125,"column":4758}},"41":{"start":{"line":126,"column":16},"end":{"line":126,"column":4914}},"42":{"start":{"line":128,"column":16},"end":{"line":128,"column":65}},"43":{"start":{"line":130,"column":16},"end":{"line":130,"column":5037}},"44":{"start":{"line":131,"column":20},"end":{"line":131,"column":50}},"45":{"start":{"line":134,"column":20},"end":{"line":134,"column":50}},"46":{"start":{"line":138,"column":12},"end":{"line":138,"column":53}},"47":{"start":{"line":139,"column":12},"end":{"line":139,"column":92}},"48":{"start":{"line":142,"column":8},"end":{"line":142,"column":31}},"49":{"start":{"line":146,"column":8},"end":{"line":146,"column":110}},"50":{"start":{"line":147,"column":8},"end":{"line":147,"column":76}},"51":{"start":{"line":149,"column":8},"end":{"line":149,"column":32}},"52":{"start":{"line":153,"column":8},"end":{"line":153,"column":45}},"53":{"start":{"line":154,"column":8},"end":{"line":154,"column":69}},"54":{"start":{"line":155,"column":8},"end":{"line":155,"column":69}},"55":{"start":{"line":155,"column":22},"end":{"line":155,"column":68}},"56":{"start":{"line":157,"column":8},"end":{"line":157,"column":21}}},"branchMap":{"1":{"line":70,"type":"if","locations":[{"start":{"line":70,"column":8},"end":{"line":70,"column":8}},{"start":{"line":70,"column":8},"end":{"line":70,"column":8}}]},"2":{"line":71,"type":"if","locations":[{"start":{"line":71,"column":13},"end":{"line":71,"column":13}},{"start":{"line":71,"column":13},"end":{"line":71,"column":13}}]},"3":{"line":72,"type":"if","locations":[{"start":{"line":72,"column":13},"end":{"line":72,"column":13}},{"start":{"line":72,"column":13},"end":{"line":72,"column":13}}]},"4":{"line":73,"type":"if","locations":[{"start":{"line":73,"column":13},"end":{"line":73,"column":13}},{"start":{"line":73,"column":13},"end":{"line":73,"column":13}}]},"5":{"line":74,"type":"if","locations":[{"start":{"line":74,"column":13},"end":{"line":74,"column":13}},{"start":{"line":74,"column":13},"end":{"line":74,"column":13}}]},"6":{"line":75,"type":"if","locations":[{"start":{"line":75,"column":13},"end":{"line":75,"column":13}},{"start":{"line":75,"column":13},"end":{"line":75,"column":13}}]},"7":{"line":76,"type":"if","locations":[{"start":{"line":76,"column":13},"end":{"line":76,"column":13}},{"start":{"line":76,"column":13},"end":{"line":76,"column":13}}]},"8":{"line":82,"type":"if","locations":[{"start":{"line":82,"column":8},"end":{"line":82,"column":8}},{"start":{"line":82,"column":8},"end":{"line":82,"column":8}}]},"9":{"line":84,"type":"if","locations":[{"start":{"line":84,"column":8},"end":{"line":84,"column":8}},{"start":{"line":84,"column":8},"end":{"line":84,"column":8}}]},"10":{"line":85,"type":"if","locations":[{"start":{"line":85,"column":8},"end":{"line":85,"column":8}},{"start":{"line":85,"column":8},"end":{"line":85,"column":8}}]},"11":{"line":96,"type":"if","locations":[{"start":{"line":96,"column":8},"end":{"line":96,"column":8}},{"start":{"line":96,"column":8},"end":{"line":96,"column":8}}]},"12":{"line":121,"type":"if","locations":[{"start":{"line":121,"column":8},"end":{"line":121,"column":8}},{"start":{"line":121,"column":8},"end":{"line":121,"column":8}}]},"13":{"line":130,"type":"if","locations":[{"start":{"line":130,"column":16},"end":{"line":130,"column":16}},{"start":{"line":130,"column":16},"end":{"line":130,"column":16}}]},"14":{"line":153,"type":"if","locations":[{"start":{"line":153,"column":8},"end":{"line":153,"column":8}},{"start":{"line":153,"column":8},"end":{"line":153,"column":8}}]},"15":{"line":155,"type":"if","locations":[{"start":{"line":155,"column":8},"end":{"line":155,"column":8}},{"start":{"line":155,"column":8},"end":{"line":155,"column":8}}]}}},"contracts/interfaces/accumulator/IAccumulatorEvents.sol":{"l":{},"path":"/Users/tonyjin/Crypto/kernel/contracts/interfaces/accumulator/IAccumulatorEvents.sol","s":{},"b":{},"f":{},"fnMap":{},"statementMap":{},"branchMap":{}},"contracts/interfaces/accumulator/IAccumulatorFunctions.sol":{"l":{},"path":"/Users/tonyjin/Crypto/kernel/contracts/interfaces/accumulator/IAccumulatorFunctions.sol","s":{},"b":{},"f":{},"fnMap":{},"statementMap":{},"branchMap":{}},"contracts/interfaces/accumulator/IAccumulatorImmutables.sol":{"l":{},"path":"/Users/tonyjin/Crypto/kernel/contracts/interfaces/accumulator/IAccumulatorImmutables.sol","s":{},"b":{},"f":{},"fnMap":{},"statementMap":{},"branchMap":{}},"contracts/interfaces/accumulator/IAccumulatorState.sol":{"l":{},"path":"/Users/tonyjin/Crypto/kernel/contracts/interfaces/accumulator/IAccumulatorState.sol","s":{},"b":{},"f":{},"fnMap":{},"statementMap":{},"branchMap":{}},"contracts/interfaces/accumulator/IAccumulatorStateDerived.sol":{"l":{},"path":"/Users/tonyjin/Crypto/kernel/contracts/interfaces/accumulator/IAccumulatorStateDerived.sol","s":{},"b":{},"f":{},"fnMap":{},"statementMap":{},"branchMap":{}},"contracts/interfaces/external/IERC20CompLike.sol":{"l":{},"path":"/Users/tonyjin/Crypto/kernel/contracts/interfaces/external/IERC20CompLike.sol","s":{},"b":{},"f":{},"fnMap":{},"statementMap":{},"branchMap":{}},"contracts/interfaces/external/IGovernorAlpha.sol":{"l":{},"path":"/Users/tonyjin/Crypto/kernel/contracts/interfaces/external/IGovernorAlpha.sol","s":{},"b":{},"f":{},"fnMap":{},"statementMap":{},"branchMap":{}},"contracts/interfaces/external/IGovernorBravo.sol":{"l":{},"path":"/Users/tonyjin/Crypto/kernel/contracts/interfaces/external/IGovernorBravo.sol","s":{},"b":{},"f":{},"fnMap":{},"statementMap":{},"branchMap":{}},"contracts/interfaces/IAccumulator.sol":{"l":{},"path":"/Users/tonyjin/Crypto/kernel/contracts/interfaces/IAccumulator.sol","s":{},"b":{},"f":{},"fnMap":{},"statementMap":{},"branchMap":{}},"contracts/interfaces/IComputer.sol":{"l":{},"path":"/Users/tonyjin/Crypto/kernel/contracts/interfaces/IComputer.sol","s":{},"b":{},"f":{},"fnMap":{},"statementMap":{},"branchMap":{}},"contracts/interfaces/IKernel.sol":{"l":{},"path":"/Users/tonyjin/Crypto/kernel/contracts/interfaces/IKernel.sol","s":{},"b":{},"f":{},"fnMap":{},"statementMap":{},"branchMap":{}},"contracts/interfaces/IOperator.sol":{"l":{},"path":"/Users/tonyjin/Crypto/kernel/contracts/interfaces/IOperator.sol","s":{},"b":{},"f":{},"fnMap":{},"statementMap":{},"branchMap":{}},"contracts/interfaces/ISequencer.sol":{"l":{},"path":"/Users/tonyjin/Crypto/kernel/contracts/interfaces/ISequencer.sol","s":{},"b":{},"f":{},"fnMap":{},"statementMap":{},"branchMap":{}},"contracts/interfaces/IShard.sol":{"l":{},"path":"/Users/tonyjin/Crypto/kernel/contracts/interfaces/IShard.sol","s":{},"b":{},"f":{},"fnMap":{},"statementMap":{},"branchMap":{}},"contracts/interfaces/IToken.sol":{"l":{},"path":"/Users/tonyjin/Crypto/kernel/contracts/interfaces/IToken.sol","s":{},"b":{},"f":{},"fnMap":{},"statementMap":{},"branchMap":{}},"contracts/interfaces/kernel/IKernelEvents.sol":{"l":{},"path":"/Users/tonyjin/Crypto/kernel/contracts/interfaces/kernel/IKernelEvents.sol","s":{},"b":{},"f":{},"fnMap":{},"statementMap":{},"branchMap":{}},"contracts/interfaces/kernel/IKernelFunctions.sol":{"l":{},"path":"/Users/tonyjin/Crypto/kernel/contracts/interfaces/kernel/IKernelFunctions.sol","s":{},"b":{},"f":{},"fnMap":{},"statementMap":{},"branchMap":{}},"contracts/interfaces/kernel/IKernelState.sol":{"l":{},"path":"/Users/tonyjin/Crypto/kernel/contracts/interfaces/kernel/IKernelState.sol","s":{},"b":{},"f":{},"fnMap":{},"statementMap":{},"branchMap":{}},"contracts/interfaces/kernel/IKernelStateDerived.sol":{"l":{},"path":"/Users/tonyjin/Crypto/kernel/contracts/interfaces/kernel/IKernelStateDerived.sol","s":{},"b":{},"f":{},"fnMap":{},"statementMap":{},"branchMap":{}},"contracts/interfaces/operator/IOperatorEvents.sol":{"l":{},"path":"/Users/tonyjin/Crypto/kernel/contracts/interfaces/operator/IOperatorEvents.sol","s":{},"b":{},"f":{},"fnMap":{},"statementMap":{},"branchMap":{}},"contracts/interfaces/operator/IOperatorFunctions.sol":{"l":{},"path":"/Users/tonyjin/Crypto/kernel/contracts/interfaces/operator/IOperatorFunctions.sol","s":{},"b":{},"f":{},"fnMap":{},"statementMap":{},"branchMap":{}},"contracts/interfaces/operator/IOperatorImmutables.sol":{"l":{},"path":"/Users/tonyjin/Crypto/kernel/contracts/interfaces/operator/IOperatorImmutables.sol","s":{},"b":{},"f":{},"fnMap":{},"statementMap":{},"branchMap":{}},"contracts/interfaces/operator/IOperatorState.sol":{"l":{},"path":"/Users/tonyjin/Crypto/kernel/contracts/interfaces/operator/IOperatorState.sol","s":{},"b":{},"f":{},"fnMap":{},"statementMap":{},"branchMap":{}},"contracts/interfaces/operator/IOperatorStateDerived.sol":{"l":{},"path":"/Users/tonyjin/Crypto/kernel/contracts/interfaces/operator/IOperatorStateDerived.sol","s":{},"b":{},"f":{},"fnMap":{},"statementMap":{},"branchMap":{}},"contracts/interfaces/sequencer/ISequencerEvents.sol":{"l":{},"path":"/Users/tonyjin/Crypto/kernel/contracts/interfaces/sequencer/ISequencerEvents.sol","s":{},"b":{},"f":{},"fnMap":{},"statementMap":{},"branchMap":{}},"contracts/interfaces/sequencer/ISequencerFunctions.sol":{"l":{},"path":"/Users/tonyjin/Crypto/kernel/contracts/interfaces/sequencer/ISequencerFunctions.sol","s":{},"b":{},"f":{},"fnMap":{},"statementMap":{},"branchMap":{}},"contracts/interfaces/sequencer/ISequencerImmutables.sol":{"l":{},"path":"/Users/tonyjin/Crypto/kernel/contracts/interfaces/sequencer/ISequencerImmutables.sol","s":{},"b":{},"f":{},"fnMap":{},"statementMap":{},"branchMap":{}},"contracts/interfaces/sequencer/ISequencerState.sol":{"l":{},"path":"/Users/tonyjin/Crypto/kernel/contracts/interfaces/sequencer/ISequencerState.sol","s":{},"b":{},"f":{},"fnMap":{},"statementMap":{},"branchMap":{}},"contracts/interfaces/sequencer/ISequencerStateDerived.sol":{"l":{},"path":"/Users/tonyjin/Crypto/kernel/contracts/interfaces/sequencer/ISequencerStateDerived.sol","s":{},"b":{},"f":{},"fnMap":{},"statementMap":{},"branchMap":{}},"contracts/interfaces/shard/IShardEvents.sol":{"l":{},"path":"/Users/tonyjin/Crypto/kernel/contracts/interfaces/shard/IShardEvents.sol","s":{},"b":{},"f":{},"fnMap":{},"statementMap":{},"branchMap":{}},"contracts/interfaces/shard/IShardFunctions.sol":{"l":{},"path":"/Users/tonyjin/Crypto/kernel/contracts/interfaces/shard/IShardFunctions.sol","s":{},"b":{},"f":{},"fnMap":{},"statementMap":{},"branchMap":{}},"contracts/Kernel.sol":{"l":{"16":575,"21":32,"22":32,"24":32,"29":765,"30":764,"31":29,"32":26,"34":761,"35":760,"36":28,"37":26,"40":758,"42":758,"47":535,"48":533,"49":531,"53":531,"54":530,"56":529},"path":"/Users/tonyjin/Crypto/kernel/contracts/Kernel.sol","s":{"1":575,"2":32,"3":32,"4":32,"5":765,"6":489,"7":764,"8":29,"9":761,"10":245,"11":760,"12":28,"13":758,"14":758,"15":535,"16":533,"17":531,"18":530,"19":529},"b":{"1":[489,276],"2":[29,735],"3":[26,3],"4":[245,516],"5":[28,732],"6":[26,2],"7":[533,2],"8":[531,2]},"f":{"1":575,"2":32,"3":765,"4":535},"fnMap":{"1":{"name":"read","line":15,"loc":{"start":{"line":15,"column":4},"end":{"line":17,"column":4}}},"2":{"name":"write","line":20,"loc":{"start":{"line":20,"column":4},"end":{"line":25,"column":4}}},"3":{"name":"update","line":28,"loc":{"start":{"line":28,"column":4},"end":{"line":43,"column":4}}},"4":{"name":"transfer","line":46,"loc":{"start":{"line":46,"column":4},"end":{"line":57,"column":4}}}},"statementMap":{"1":{"start":{"line":16,"column":8},"end":{"line":16,"column":25}},"2":{"start":{"line":21,"column":8},"end":{"line":21,"column":23}},"3":{"start":{"line":22,"column":8},"end":{"line":22,"column":23}},"4":{"start":{"line":24,"column":8},"end":{"line":24,"column":43}},"5":{"start":{"line":29,"column":8},"end":{"line":29,"column":47}},"6":{"start":{"line":29,"column":20},"end":{"line":29,"column":46}},"7":{"start":{"line":30,"column":8},"end":{"line":30,"column":873}},"8":{"start":{"line":31,"column":12},"end":{"line":31,"column":53}},"9":{"start":{"line":34,"column":8},"end":{"line":34,"column":47}},"10":{"start":{"line":34,"column":20},"end":{"line":34,"column":46}},"11":{"start":{"line":35,"column":8},"end":{"line":35,"column":1066}},"12":{"start":{"line":36,"column":12},"end":{"line":36,"column":53}},"13":{"start":{"line":40,"column":8},"end":{"line":40,"column":45}},"14":{"start":{"line":42,"column":8},"end":{"line":42,"column":25}},"15":{"start":{"line":47,"column":8},"end":{"line":47,"column":39}},"16":{"start":{"line":48,"column":8},"end":{"line":48,"column":39}},"17":{"start":{"line":53,"column":8},"end":{"line":53,"column":23}},"18":{"start":{"line":54,"column":8},"end":{"line":54,"column":23}},"19":{"start":{"line":56,"column":8},"end":{"line":56,"column":52}}},"branchMap":{"1":{"line":29,"type":"if","locations":[{"start":{"line":29,"column":8},"end":{"line":29,"column":8}},{"start":{"line":29,"column":8},"end":{"line":29,"column":8}}]},"2":{"line":30,"type":"if","locations":[{"start":{"line":30,"column":8},"end":{"line":30,"column":8}},{"start":{"line":30,"column":8},"end":{"line":30,"column":8}}]},"3":{"line":31,"type":"if","locations":[{"start":{"line":31,"column":12},"end":{"line":31,"column":12}},{"start":{"line":31,"column":12},"end":{"line":31,"column":12}}]},"4":{"line":34,"type":"if","locations":[{"start":{"line":34,"column":8},"end":{"line":34,"column":8}},{"start":{"line":34,"column":8},"end":{"line":34,"column":8}}]},"5":{"line":35,"type":"if","locations":[{"start":{"line":35,"column":8},"end":{"line":35,"column":8}},{"start":{"line":35,"column":8},"end":{"line":35,"column":8}}]},"6":{"line":36,"type":"if","locations":[{"start":{"line":36,"column":12},"end":{"line":36,"column":12}},{"start":{"line":36,"column":12},"end":{"line":36,"column":12}}]},"7":{"line":47,"type":"if","locations":[{"start":{"line":47,"column":8},"end":{"line":47,"column":8}},{"start":{"line":47,"column":8},"end":{"line":47,"column":8}}]},"8":{"line":48,"type":"if","locations":[{"start":{"line":48,"column":8},"end":{"line":48,"column":8}},{"start":{"line":48,"column":8},"end":{"line":48,"column":8}}]}}},"contracts/libraries/access/Access.sol":{"l":{"81":147,"82":147,"91":3712,"92":3707,"99":34,"100":34,"107":6,"117":0,"130":0,"144":34,"159":0,"160":0,"161":0,"175":0,"188":0,"201":0,"202":0,"203":0,"222":0,"224":0,"228":9183,"232":3893,"236":147,"237":147,"238":147,"243":1719,"244":1667,"245":1667,"250":0,"251":0,"252":0},"path":"/Users/tonyjin/Crypto/kernel/contracts/libraries/access/Access.sol","s":{"1":147,"2":147,"3":3712,"4":34,"5":6,"6":0,"7":0,"8":34,"9":0,"10":0,"11":0,"12":0,"13":0,"14":0,"15":0,"16":0,"17":0,"18":0,"19":9183,"20":3893,"21":147,"22":147,"23":147,"24":1719,"25":1667,"26":1667,"27":0,"28":0,"29":0},"b":{"1":[3707,5],"2":[34,0],"3":[0,0],"4":[0,0],"5":[0,0],"6":[147,0],"7":[1667,52],"8":[0,0]},"f":{"1":147,"2":3712,"3":34,"4":6,"5":0,"6":0,"7":34,"8":0,"9":0,"10":0,"11":0,"12":0,"13":9183,"14":3893,"15":147,"16":1719,"17":0},"fnMap":{"1":{"name":"constructor","line":80,"loc":{"start":{"line":80,"column":4},"end":{"line":83,"column":4}}},"2":{"name":"auth","line":90,"loc":{"start":{"line":90,"column":4},"end":{"line":93,"column":4}}},"3":{"name":"admin","line":98,"loc":{"start":{"line":98,"column":4},"end":{"line":101,"column":4}}},"4":{"name":"hasRole","line":106,"loc":{"start":{"line":106,"column":4},"end":{"line":108,"column":4}}},"5":{"name":"getRoleAdmin","line":116,"loc":{"start":{"line":116,"column":4},"end":{"line":118,"column":4}}},"6":{"name":"setRoleAdmin","line":129,"loc":{"start":{"line":129,"column":4},"end":{"line":131,"column":4}}},"7":{"name":"grantRole","line":143,"loc":{"start":{"line":143,"column":4},"end":{"line":145,"column":4}}},"8":{"name":"grantRoles","line":158,"loc":{"start":{"line":158,"column":4},"end":{"line":163,"column":4}}},"9":{"name":"lockRole","line":174,"loc":{"start":{"line":174,"column":4},"end":{"line":176,"column":4}}},"10":{"name":"revokeRole","line":187,"loc":{"start":{"line":187,"column":4},"end":{"line":189,"column":4}}},"11":{"name":"revokeRoles","line":200,"loc":{"start":{"line":200,"column":4},"end":{"line":205,"column":4}}},"12":{"name":"renounceRole","line":221,"loc":{"start":{"line":221,"column":4},"end":{"line":225,"column":4}}},"13":{"name":"_hasRole","line":227,"loc":{"start":{"line":227,"column":4},"end":{"line":229,"column":4}}},"14":{"name":"_getRoleAdmin","line":231,"loc":{"start":{"line":231,"column":4},"end":{"line":233,"column":4}}},"15":{"name":"_setRoleAdmin","line":235,"loc":{"start":{"line":235,"column":4},"end":{"line":240,"column":4}}},"16":{"name":"_grantRole","line":242,"loc":{"start":{"line":242,"column":4},"end":{"line":247,"column":4}}},"17":{"name":"_revokeRole","line":249,"loc":{"start":{"line":249,"column":4},"end":{"line":254,"column":4}}}},"statementMap":{"1":{"start":{"line":81,"column":8},"end":{"line":81,"column":35}},"2":{"start":{"line":82,"column":8},"end":{"line":82,"column":32}},"3":{"start":{"line":91,"column":8},"end":{"line":91,"column":111}},"4":{"start":{"line":99,"column":8},"end":{"line":99,"column":72}},"5":{"start":{"line":107,"column":8},"end":{"line":107,"column":38}},"6":{"start":{"line":117,"column":8},"end":{"line":117,"column":34}},"7":{"start":{"line":130,"column":8},"end":{"line":130,"column":37}},"8":{"start":{"line":144,"column":8},"end":{"line":144,"column":32}},"9":{"start":{"line":159,"column":8},"end":{"line":159,"column":5280}},"10":{"start":{"line":160,"column":12},"end":{"line":160,"column":80}},"11":{"start":{"line":161,"column":12},"end":{"line":161,"column":40}},"12":{"start":{"line":175,"column":8},"end":{"line":175,"column":32}},"13":{"start":{"line":188,"column":8},"end":{"line":188,"column":33}},"14":{"start":{"line":201,"column":8},"end":{"line":201,"column":6560}},"15":{"start":{"line":202,"column":12},"end":{"line":202,"column":80}},"16":{"start":{"line":203,"column":12},"end":{"line":203,"column":41}},"17":{"start":{"line":222,"column":8},"end":{"line":222,"column":63}},"18":{"start":{"line":224,"column":8},"end":{"line":224,"column":33}},"19":{"start":{"line":228,"column":8},"end":{"line":228,"column":44}},"20":{"start":{"line":232,"column":8},"end":{"line":232,"column":37}},"21":{"start":{"line":236,"column":8},"end":{"line":236,"column":7759}},"22":{"start":{"line":237,"column":12},"end":{"line":237,"column":45}},"23":{"start":{"line":238,"column":12},"end":{"line":238,"column":50}},"24":{"start":{"line":243,"column":8},"end":{"line":243,"column":7989}},"25":{"start":{"line":244,"column":12},"end":{"line":244,"column":47}},"26":{"start":{"line":245,"column":12},"end":{"line":245,"column":55}},"27":{"start":{"line":250,"column":8},"end":{"line":250,"column":8219}},"28":{"start":{"line":251,"column":12},"end":{"line":251,"column":48}},"29":{"start":{"line":252,"column":12},"end":{"line":252,"column":55}}},"branchMap":{"1":{"line":91,"type":"if","locations":[{"start":{"line":91,"column":8},"end":{"line":91,"column":8}},{"start":{"line":91,"column":8},"end":{"line":91,"column":8}}]},"2":{"line":99,"type":"if","locations":[{"start":{"line":99,"column":8},"end":{"line":99,"column":8}},{"start":{"line":99,"column":8},"end":{"line":99,"column":8}}]},"3":{"line":160,"type":"if","locations":[{"start":{"line":160,"column":12},"end":{"line":160,"column":12}},{"start":{"line":160,"column":12},"end":{"line":160,"column":12}}]},"4":{"line":202,"type":"if","locations":[{"start":{"line":202,"column":12},"end":{"line":202,"column":12}},{"start":{"line":202,"column":12},"end":{"line":202,"column":12}}]},"5":{"line":222,"type":"if","locations":[{"start":{"line":222,"column":8},"end":{"line":222,"column":8}},{"start":{"line":222,"column":8},"end":{"line":222,"column":8}}]},"6":{"line":236,"type":"if","locations":[{"start":{"line":236,"column":8},"end":{"line":236,"column":8}},{"start":{"line":236,"column":8},"end":{"line":236,"column":8}}]},"7":{"line":243,"type":"if","locations":[{"start":{"line":243,"column":8},"end":{"line":243,"column":8}},{"start":{"line":243,"column":8},"end":{"line":243,"column":8}}]},"8":{"line":250,"type":"if","locations":[{"start":{"line":250,"column":8},"end":{"line":250,"column":8}},{"start":{"line":250,"column":8},"end":{"line":250,"column":8}}]}}},"contracts/libraries/data/Checkpoint.sol":{"l":{},"path":"/Users/tonyjin/Crypto/kernel/contracts/libraries/data/Checkpoint.sol","s":{},"b":{},"f":{},"fnMap":{},"statementMap":{},"branchMap":{}},"contracts/libraries/data/Glob.sol":{"l":{"19":531,"28":531,"29":531,"30":531},"path":"/Users/tonyjin/Crypto/kernel/contracts/libraries/data/Glob.sol","s":{"1":531,"2":531,"3":184,"4":531,"5":347,"6":531,"7":254},"b":{"1":[184,347],"2":[347,184],"3":[254,277]},"f":{"1":531,"2":531},"fnMap":{"1":{"name":"get","line":15,"loc":{"start":{"line":15,"column":4},"end":{"line":20,"column":4}}},"2":{"name":"modify","line":22,"loc":{"start":{"line":22,"column":4},"end":{"line":31,"column":4}}}},"statementMap":{"1":{"start":{"line":19,"column":8},"end":{"line":19,"column":31}},"2":{"start":{"line":28,"column":8},"end":{"line":28,"column":49}},"3":{"start":{"line":28,"column":21},"end":{"line":28,"column":48}},"4":{"start":{"line":29,"column":8},"end":{"line":29,"column":49}},"5":{"start":{"line":29,"column":21},"end":{"line":29,"column":48}},"6":{"start":{"line":30,"column":8},"end":{"line":30,"column":41}},"7":{"start":{"line":30,"column":23},"end":{"line":30,"column":40}}},"branchMap":{"1":{"line":28,"type":"if","locations":[{"start":{"line":28,"column":8},"end":{"line":28,"column":8}},{"start":{"line":28,"column":8},"end":{"line":28,"column":8}}]},"2":{"line":29,"type":"if","locations":[{"start":{"line":29,"column":8},"end":{"line":29,"column":8}},{"start":{"line":29,"column":8},"end":{"line":29,"column":8}}]},"3":{"line":30,"type":"if","locations":[{"start":{"line":30,"column":8},"end":{"line":30,"column":8}},{"start":{"line":30,"column":8},"end":{"line":30,"column":8}}]}}},"contracts/libraries/data/Slot.sol":{"l":{},"path":"/Users/tonyjin/Crypto/kernel/contracts/libraries/data/Slot.sol","s":{},"b":{},"f":{},"fnMap":{},"statementMap":{},"branchMap":{}},"contracts/libraries/data/Unit.sol":{"l":{"24":389,"31":111,"32":111,"34":111,"43":278,"45":278,"46":277,"47":277,"48":277,"50":277,"51":277,"52":277},"path":"/Users/tonyjin/Crypto/kernel/contracts/libraries/data/Unit.sol","s":{"1":389,"2":111,"3":111,"4":111,"5":278,"6":278,"7":277,"8":277,"9":277,"10":277,"11":184,"12":277,"13":3,"14":277,"15":96},"b":{"1":[184,93],"2":[3,274],"3":[96,181]},"f":{"1":389,"2":111,"3":278},"fnMap":{"1":{"name":"get","line":19,"loc":{"start":{"line":19,"column":4},"end":{"line":25,"column":4}}},"2":{"name":"normalize","line":27,"loc":{"start":{"line":27,"column":4},"end":{"line":35,"column":4}}},"3":{"name":"modify","line":37,"loc":{"start":{"line":37,"column":4},"end":{"line":53,"column":4}}}},"statementMap":{"1":{"start":{"line":24,"column":8},"end":{"line":24,"column":61}},"2":{"start":{"line":31,"column":8},"end":{"line":31,"column":82}},"3":{"start":{"line":32,"column":8},"end":{"line":32,"column":23}},"4":{"start":{"line":34,"column":8},"end":{"line":34,"column":19}},"5":{"start":{"line":43,"column":8},"end":{"line":43,"column":37}},"6":{"start":{"line":45,"column":8},"end":{"line":45,"column":37}},"7":{"start":{"line":46,"column":8},"end":{"line":46,"column":83}},"8":{"start":{"line":47,"column":8},"end":{"line":47,"column":37}},"9":{"start":{"line":48,"column":8},"end":{"line":48,"column":24}},"10":{"start":{"line":50,"column":8},"end":{"line":50,"column":47}},"11":{"start":{"line":50,"column":31},"end":{"line":50,"column":46}},"12":{"start":{"line":51,"column":8},"end":{"line":51,"column":47}},"13":{"start":{"line":51,"column":31},"end":{"line":51,"column":46}},"14":{"start":{"line":52,"column":8},"end":{"line":52,"column":59}},"15":{"start":{"line":52,"column":37},"end":{"line":52,"column":58}}},"branchMap":{"1":{"line":50,"type":"if","locations":[{"start":{"line":50,"column":8},"end":{"line":50,"column":8}},{"start":{"line":50,"column":8},"end":{"line":50,"column":8}}]},"2":{"line":51,"type":"if","locations":[{"start":{"line":51,"column":8},"end":{"line":51,"column":8}},{"start":{"line":51,"column":8},"end":{"line":51,"column":8}}]},"3":{"line":52,"type":"if","locations":[{"start":{"line":52,"column":8},"end":{"line":52,"column":8}},{"start":{"line":52,"column":8},"end":{"line":52,"column":8}}]}}},"contracts/libraries/helpers/Shell.sol":{"l":{"9":477,"13":244,"17":508,"21":521},"path":"/Users/tonyjin/Crypto/kernel/contracts/libraries/helpers/Shell.sol","s":{"1":477,"2":244,"3":508,"4":521},"b":{},"f":{"1":477,"2":244,"3":508,"4":521},"fnMap":{"1":{"name":"get","line":8,"loc":{"start":{"line":8,"column":4},"end":{"line":10,"column":4}}},"2":{"name":"pool","line":12,"loc":{"start":{"line":12,"column":4},"end":{"line":14,"column":4}}},"3":{"name":"modify","line":16,"loc":{"start":{"line":16,"column":4},"end":{"line":18,"column":4}}},"4":{"name":"transfer","line":20,"loc":{"start":{"line":20,"column":4},"end":{"line":22,"column":4}}}},"statementMap":{"1":{"start":{"line":9,"column":8},"end":{"line":9,"column":68}},"2":{"start":{"line":13,"column":8},"end":{"line":13,"column":88}},"3":{"start":{"line":17,"column":8},"end":{"line":17,"column":70}},"4":{"start":{"line":21,"column":8},"end":{"line":21,"column":108}}},"branchMap":{}},"contracts/libraries/math/Babylonian.sol":{"l":{"10":107,"13":106,"14":106,"15":106,"16":7,"17":7,"19":106,"20":7,"21":7,"23":106,"24":1,"25":1,"27":106,"28":7,"29":7,"31":106,"32":7,"33":7,"35":106,"36":91,"37":91,"39":106,"40":15,"42":106,"43":106,"44":106,"45":106,"46":106,"47":106,"48":106,"49":106,"50":106},"path":"/Users/tonyjin/Crypto/kernel/contracts/libraries/math/Babylonian.sol","s":{"1":107,"2":1,"3":106,"4":106,"5":106,"6":7,"7":7,"8":106,"9":7,"10":7,"11":106,"12":1,"13":1,"14":106,"15":7,"16":7,"17":106,"18":7,"19":7,"20":106,"21":91,"22":91,"23":106,"24":15,"25":106,"26":106,"27":106,"28":106,"29":106,"30":106,"31":106,"32":106,"33":106},"b":{"1":[1,106],"2":[7,99],"3":[7,99],"4":[1,105],"5":[7,99],"6":[7,99],"7":[91,15],"8":[15,91]},"f":{"1":107},"fnMap":{"1":{"name":"sqrt","line":9,"loc":{"start":{"line":9,"column":4},"end":{"line":51,"column":4}}}},"statementMap":{"1":{"start":{"line":10,"column":8},"end":{"line":10,"column":28}},"2":{"start":{"line":10,"column":20},"end":{"line":10,"column":28}},"3":{"start":{"line":13,"column":8},"end":{"line":13,"column":22}},"4":{"start":{"line":14,"column":8},"end":{"line":14,"column":21}},"5":{"start":{"line":15,"column":8},"end":{"line":15,"column":686}},"6":{"start":{"line":16,"column":12},"end":{"line":16,"column":21}},"7":{"start":{"line":17,"column":12},"end":{"line":17,"column":19}},"8":{"start":{"line":19,"column":8},"end":{"line":19,"column":799}},"9":{"start":{"line":20,"column":12},"end":{"line":20,"column":20}},"10":{"start":{"line":21,"column":12},"end":{"line":21,"column":19}},"11":{"start":{"line":23,"column":8},"end":{"line":23,"column":895}},"12":{"start":{"line":24,"column":12},"end":{"line":24,"column":20}},"13":{"start":{"line":25,"column":12},"end":{"line":25,"column":19}},"14":{"start":{"line":27,"column":8},"end":{"line":27,"column":983}},"15":{"start":{"line":28,"column":12},"end":{"line":28,"column":20}},"16":{"start":{"line":29,"column":12},"end":{"line":29,"column":18}},"17":{"start":{"line":31,"column":8},"end":{"line":31,"column":1066}},"18":{"start":{"line":32,"column":12},"end":{"line":32,"column":19}},"19":{"start":{"line":33,"column":12},"end":{"line":33,"column":18}},"20":{"start":{"line":35,"column":8},"end":{"line":35,"column":1146}},"21":{"start":{"line":36,"column":12},"end":{"line":36,"column":19}},"22":{"start":{"line":37,"column":12},"end":{"line":37,"column":18}},"23":{"start":{"line":39,"column":8},"end":{"line":39,"column":1225}},"24":{"start":{"line":40,"column":12},"end":{"line":40,"column":18}},"25":{"start":{"line":42,"column":8},"end":{"line":42,"column":27}},"26":{"start":{"line":43,"column":8},"end":{"line":43,"column":27}},"27":{"start":{"line":44,"column":8},"end":{"line":44,"column":27}},"28":{"start":{"line":45,"column":8},"end":{"line":45,"column":27}},"29":{"start":{"line":46,"column":8},"end":{"line":46,"column":27}},"30":{"start":{"line":47,"column":8},"end":{"line":47,"column":27}},"31":{"start":{"line":48,"column":8},"end":{"line":48,"column":27}},"32":{"start":{"line":49,"column":8},"end":{"line":49,"column":26}},"33":{"start":{"line":50,"column":8},"end":{"line":50,"column":32}}},"branchMap":{"1":{"line":10,"type":"if","locations":[{"start":{"line":10,"column":8},"end":{"line":10,"column":8}},{"start":{"line":10,"column":8},"end":{"line":10,"column":8}}]},"2":{"line":15,"type":"if","locations":[{"start":{"line":15,"column":8},"end":{"line":15,"column":8}},{"start":{"line":15,"column":8},"end":{"line":15,"column":8}}]},"3":{"line":19,"type":"if","locations":[{"start":{"line":19,"column":8},"end":{"line":19,"column":8}},{"start":{"line":19,"column":8},"end":{"line":19,"column":8}}]},"4":{"line":23,"type":"if","locations":[{"start":{"line":23,"column":8},"end":{"line":23,"column":8}},{"start":{"line":23,"column":8},"end":{"line":23,"column":8}}]},"5":{"line":27,"type":"if","locations":[{"start":{"line":27,"column":8},"end":{"line":27,"column":8}},{"start":{"line":27,"column":8},"end":{"line":27,"column":8}}]},"6":{"line":31,"type":"if","locations":[{"start":{"line":31,"column":8},"end":{"line":31,"column":8}},{"start":{"line":31,"column":8},"end":{"line":31,"column":8}}]},"7":{"line":35,"type":"if","locations":[{"start":{"line":35,"column":8},"end":{"line":35,"column":8}},{"start":{"line":35,"column":8},"end":{"line":35,"column":8}}]},"8":{"line":39,"type":"if","locations":[{"start":{"line":39,"column":8},"end":{"line":39,"column":8}},{"start":{"line":39,"column":8},"end":{"line":39,"column":8}}]}}},"contracts/libraries/math/Cast.sol":{"l":{"6":1424,"7":1424,"11":1585,"12":1585},"path":"/Users/tonyjin/Crypto/kernel/contracts/libraries/math/Cast.sol","s":{"1":1424,"2":1424,"3":1585,"4":1585},"b":{"1":[1424,0],"2":[1585,0]},"f":{"1":1424,"2":1585},"fnMap":{"1":{"name":"u128","line":5,"loc":{"start":{"line":5,"column":4},"end":{"line":8,"column":4}}},"2":{"name":"i128","line":10,"loc":{"start":{"line":10,"column":4},"end":{"line":13,"column":4}}}},"statementMap":{"1":{"start":{"line":6,"column":8},"end":{"line":6,"column":50}},"2":{"start":{"line":7,"column":8},"end":{"line":7,"column":29}},"3":{"start":{"line":11,"column":8},"end":{"line":11,"column":58}},"4":{"start":{"line":12,"column":8},"end":{"line":12,"column":28}}},"branchMap":{"1":{"line":6,"type":"if","locations":[{"start":{"line":6,"column":8},"end":{"line":6,"column":8}},{"start":{"line":6,"column":8},"end":{"line":6,"column":8}}]},"2":{"line":11,"type":"if","locations":[{"start":{"line":11,"column":8},"end":{"line":11,"column":8}},{"start":{"line":11,"column":8},"end":{"line":11,"column":8}}]}}},"contracts/libraries/math/Cursor.sol":{"l":{"9":430,"10":430,"12":377,"15":377,"16":224,"18":153,"26":1579,"27":1579,"29":1295,"32":1295,"33":1212,"35":83},"path":"/Users/tonyjin/Crypto/kernel/contracts/libraries/math/Cursor.sol","s":{"1":430,"2":430,"3":53,"4":377,"5":377,"6":224,"7":153,"8":1579,"9":1579,"10":284,"11":1295,"12":1295,"13":1212,"14":83},"b":{"1":[53,377],"2":[224,153],"3":[284,1295],"4":[1212,83]},"f":{"1":430,"2":1579},"fnMap":{"1":{"name":"getCursor","line":8,"loc":{"start":{"line":8,"column":4},"end":{"line":20,"column":4}}},"2":{"name":"getCursorRoundingUp","line":25,"loc":{"start":{"line":25,"column":4},"end":{"line":37,"column":4}}}},"statementMap":{"1":{"start":{"line":9,"column":8},"end":{"line":9,"column":62}},"2":{"start":{"line":10,"column":8},"end":{"line":10,"column":33}},"3":{"start":{"line":10,"column":25},"end":{"line":10,"column":33}},"4":{"start":{"line":12,"column":8},"end":{"line":12,"column":56}},"5":{"start":{"line":15,"column":8},"end":{"line":15,"column":638}},"6":{"start":{"line":16,"column":12},"end":{"line":16,"column":87}},"7":{"start":{"line":18,"column":12},"end":{"line":18,"column":22}},"8":{"start":{"line":26,"column":8},"end":{"line":26,"column":62}},"9":{"start":{"line":27,"column":8},"end":{"line":27,"column":33}},"10":{"start":{"line":27,"column":25},"end":{"line":27,"column":33}},"11":{"start":{"line":29,"column":8},"end":{"line":29,"column":56}},"12":{"start":{"line":32,"column":8},"end":{"line":32,"column":1444}},"13":{"start":{"line":33,"column":12},"end":{"line":33,"column":88}},"14":{"start":{"line":35,"column":12},"end":{"line":35,"column":22}}},"branchMap":{"1":{"line":10,"type":"if","locations":[{"start":{"line":10,"column":8},"end":{"line":10,"column":8}},{"start":{"line":10,"column":8},"end":{"line":10,"column":8}}]},"2":{"line":15,"type":"if","locations":[{"start":{"line":15,"column":8},"end":{"line":15,"column":8}},{"start":{"line":15,"column":8},"end":{"line":15,"column":8}}]},"3":{"line":27,"type":"if","locations":[{"start":{"line":27,"column":8},"end":{"line":27,"column":8}},{"start":{"line":27,"column":8},"end":{"line":27,"column":8}}]},"4":{"line":32,"type":"if","locations":[{"start":{"line":32,"column":8},"end":{"line":32,"column":8}},{"start":{"line":32,"column":8},"end":{"line":32,"column":8}}]}}},"contracts/libraries/math/Delta.sol":{"l":{"6":1086,"7":193,"9":893},"path":"/Users/tonyjin/Crypto/kernel/contracts/libraries/math/Delta.sol","s":{"1":1086,"2":193,"3":893},"b":{"1":[193,893],"2":[192,1],"3":[893,0]},"f":{"1":1086},"fnMap":{"1":{"name":"addDelta","line":5,"loc":{"start":{"line":5,"column":4},"end":{"line":11,"column":4}}}},"statementMap":{"1":{"start":{"line":6,"column":8},"end":{"line":6,"column":182}},"2":{"start":{"line":7,"column":12},"end":{"line":7,"column":51}},"3":{"start":{"line":9,"column":12},"end":{"line":9,"column":51}}},"branchMap":{"1":{"line":6,"type":"if","locations":[{"start":{"line":6,"column":8},"end":{"line":6,"column":8}},{"start":{"line":6,"column":8},"end":{"line":6,"column":8}}]},"2":{"line":7,"type":"if","locations":[{"start":{"line":7,"column":12},"end":{"line":7,"column":12}},{"start":{"line":7,"column":12},"end":{"line":7,"column":12}}]},"3":{"line":9,"type":"if","locations":[{"start":{"line":9,"column":12},"end":{"line":9,"column":12}},{"start":{"line":9,"column":12},"end":{"line":9,"column":12}}]}}},"contracts/libraries/math/FixedPoint.sol":{"l":{},"path":"/Users/tonyjin/Crypto/kernel/contracts/libraries/math/FixedPoint.sol","s":{},"b":{},"f":{},"fnMap":{},"statementMap":{},"branchMap":{}},"contracts/libraries/math/FullMath.sol":{"l":{"24":643,"107":0,"120":0,"121":0,"122":0,"123":0},"path":"/Users/tonyjin/Crypto/kernel/contracts/libraries/math/FullMath.sol","s":{"1":0,"2":0,"3":0,"4":0},"b":{"1":[0,0],"2":[0,0]},"f":{"1":643,"2":0},"fnMap":{"1":{"name":"mulDiv","line":14,"loc":{"start":{"line":14,"column":4},"end":{"line":108,"column":4}}},"2":{"name":"mulDivRoundingUp","line":115,"loc":{"start":{"line":115,"column":4},"end":{"line":125,"column":4}}}},"statementMap":{"1":{"start":{"line":107,"column":8},"end":{"line":107,"column":21}},"2":{"start":{"line":120,"column":8},"end":{"line":120,"column":41}},"3":{"start":{"line":121,"column":8},"end":{"line":121,"column":5031}},"4":{"start":{"line":122,"column":12},"end":{"line":122,"column":46}}},"branchMap":{"1":{"line":121,"type":"if","locations":[{"start":{"line":121,"column":8},"end":{"line":121,"column":8}},{"start":{"line":121,"column":8},"end":{"line":121,"column":8}}]},"2":{"line":122,"type":"if","locations":[{"start":{"line":122,"column":12},"end":{"line":122,"column":12}},{"start":{"line":122,"column":12},"end":{"line":122,"column":12}}]}}},"contracts/libraries/utils/RevertMsgExtractor.sol":{"l":{"13":0,"15":0,"19":0},"path":"/Users/tonyjin/Crypto/kernel/contracts/libraries/utils/RevertMsgExtractor.sol","s":{"1":0,"2":0,"3":0},"b":{"1":[0,0]},"f":{"1":0},"fnMap":{"1":{"name":"getRevertMsg","line":8,"loc":{"start":{"line":8,"column":4},"end":{"line":20,"column":4}}}},"statementMap":{"1":{"start":{"line":13,"column":8},"end":{"line":13,"column":74}},"2":{"start":{"line":13,"column":36},"end":{"line":13,"column":74}},"3":{"start":{"line":19,"column":8},"end":{"line":19,"column":47}}},"branchMap":{"1":{"line":13,"type":"if","locations":[{"start":{"line":13,"column":8},"end":{"line":13,"column":8}},{"start":{"line":13,"column":8},"end":{"line":13,"column":8}}]}}},"contracts/periphery/Accumulator.sol":{"l":{"32":33,"37":16,"42":257,"43":257,"45":255,"46":254,"47":254,"52":182,"53":182,"55":181,"56":181,"58":181,"63":5,"65":4,"66":3,"67":3,"69":3,"74":95,"75":95,"76":95,"78":93,"79":93,"80":93,"82":93},"path":"/Users/tonyjin/Crypto/kernel/contracts/periphery/Accumulator.sol","s":{"1":33,"2":16,"3":257,"4":257,"5":255,"6":254,"7":254,"8":182,"9":182,"10":181,"11":181,"12":181,"13":5,"14":4,"15":3,"16":3,"17":3,"18":95,"19":95,"20":95,"21":93,"22":93,"23":93,"24":93},"b":{"1":[255,2],"2":[181,1],"3":[4,1],"4":[93,2]},"f":{"1":33,"2":16,"3":257,"4":182,"5":5,"6":95},"fnMap":{"1":{"name":"constructor","line":31,"loc":{"start":{"line":31,"column":4},"end":{"line":33,"column":4}}},"2":{"name":"get","line":36,"loc":{"start":{"line":36,"column":4},"end":{"line":38,"column":4}}},"3":{"name":"grow","line":41,"loc":{"start":{"line":41,"column":4},"end":{"line":48,"column":4}}},"4":{"name":"stake","line":51,"loc":{"start":{"line":51,"column":4},"end":{"line":59,"column":4}}},"5":{"name":"unstake","line":62,"loc":{"start":{"line":62,"column":4},"end":{"line":70,"column":4}}},"6":{"name":"collect","line":73,"loc":{"start":{"line":73,"column":4},"end":{"line":83,"column":4}}}},"statementMap":{"1":{"start":{"line":32,"column":8},"end":{"line":32,"column":23}},"2":{"start":{"line":37,"column":8},"end":{"line":37,"column":77}},"3":{"start":{"line":42,"column":8},"end":{"line":42,"column":73}},"4":{"start":{"line":43,"column":8},"end":{"line":43,"column":27}},"5":{"start":{"line":45,"column":8},"end":{"line":45,"column":81}},"6":{"start":{"line":46,"column":8},"end":{"line":46,"column":56}},"7":{"start":{"line":47,"column":8},"end":{"line":47,"column":34}},"8":{"start":{"line":52,"column":8},"end":{"line":52,"column":73}},"9":{"start":{"line":53,"column":8},"end":{"line":53,"column":27}},"10":{"start":{"line":55,"column":8},"end":{"line":55,"column":77}},"11":{"start":{"line":56,"column":8},"end":{"line":56,"column":56}},"12":{"start":{"line":58,"column":8},"end":{"line":58,"column":51}},"13":{"start":{"line":63,"column":8},"end":{"line":63,"column":27}},"14":{"start":{"line":65,"column":8},"end":{"line":65,"column":86}},"15":{"start":{"line":66,"column":8},"end":{"line":66,"column":65}},"16":{"start":{"line":67,"column":8},"end":{"line":67,"column":60}},"17":{"start":{"line":69,"column":8},"end":{"line":69,"column":53}},"18":{"start":{"line":74,"column":8},"end":{"line":74,"column":81}},"19":{"start":{"line":75,"column":8},"end":{"line":75,"column":28}},"20":{"start":{"line":76,"column":8},"end":{"line":76,"column":26}},"21":{"start":{"line":78,"column":8},"end":{"line":78,"column":77}},"22":{"start":{"line":79,"column":8},"end":{"line":79,"column":56}},"23":{"start":{"line":80,"column":8},"end":{"line":80,"column":59}},"24":{"start":{"line":82,"column":8},"end":{"line":82,"column":53}}},"branchMap":{"1":{"line":43,"type":"if","locations":[{"start":{"line":43,"column":8},"end":{"line":43,"column":8}},{"start":{"line":43,"column":8},"end":{"line":43,"column":8}}]},"2":{"line":53,"type":"if","locations":[{"start":{"line":53,"column":8},"end":{"line":53,"column":8}},{"start":{"line":53,"column":8},"end":{"line":53,"column":8}}]},"3":{"line":63,"type":"if","locations":[{"start":{"line":63,"column":8},"end":{"line":63,"column":8}},{"start":{"line":63,"column":8},"end":{"line":63,"column":8}}]},"4":{"line":76,"type":"if","locations":[{"start":{"line":76,"column":8},"end":{"line":76,"column":8}},{"start":{"line":76,"column":8},"end":{"line":76,"column":8}}]}}},"contracts/periphery/computers/Linear.sol":{"l":{"10":524,"11":320,"13":132,"15":72},"path":"/Users/tonyjin/Crypto/kernel/contracts/periphery/computers/Linear.sol","s":{"1":524,"2":320,"3":204,"4":132,"5":72},"b":{"1":[320,204],"2":[132,72]},"f":{"1":524},"fnMap":{"1":{"name":"compute","line":9,"loc":{"start":{"line":9,"column":4},"end":{"line":17,"column":4}}}},"statementMap":{"1":{"start":{"line":10,"column":8},"end":{"line":10,"column":302}},"2":{"start":{"line":11,"column":12},"end":{"line":11,"column":49}},"3":{"start":{"line":12,"column":15},"end":{"line":12,"column":381}},"4":{"start":{"line":13,"column":12},"end":{"line":13,"column":49}},"5":{"start":{"line":15,"column":12},"end":{"line":15,"column":32}}},"branchMap":{"1":{"line":10,"type":"if","locations":[{"start":{"line":10,"column":8},"end":{"line":10,"column":8}},{"start":{"line":10,"column":8},"end":{"line":10,"column":8}}]},"2":{"line":12,"type":"if","locations":[{"start":{"line":12,"column":15},"end":{"line":12,"column":15}},{"start":{"line":12,"column":15},"end":{"line":12,"column":15}}]}}},"contracts/periphery/computers/Root.sol":{"l":{"11":0,"12":0,"14":0,"15":0,"17":0},"path":"/Users/tonyjin/Crypto/kernel/contracts/periphery/computers/Root.sol","s":{"1":0,"2":0,"3":0,"4":0,"5":0},"b":{"1":[0,0]},"f":{"1":0},"fnMap":{"1":{"name":"compute","line":10,"loc":{"start":{"line":10,"column":4},"end":{"line":19,"column":4}}}},"statementMap":{"1":{"start":{"line":11,"column":8},"end":{"line":11,"column":47}},"2":{"start":{"line":12,"column":8},"end":{"line":12,"column":43}},"3":{"start":{"line":14,"column":8},"end":{"line":14,"column":441}},"4":{"start":{"line":15,"column":12},"end":{"line":15,"column":59}},"5":{"start":{"line":17,"column":12},"end":{"line":17,"column":56}}},"branchMap":{"1":{"line":14,"type":"if","locations":[{"start":{"line":14,"column":8},"end":{"line":14,"column":8}},{"start":{"line":14,"column":8},"end":{"line":14,"column":8}}]}}},"contracts/periphery/operators/OperatorA.sol":{"l":{"18":127,"19":124,"21":123,"22":122,"24":122,"25":122,"26":122,"27":122,"29":121,"30":67,"32":47,"34":7,"37":114,"42":262,"43":262,"44":262,"45":262,"47":262,"49":262,"50":262,"51":262,"52":262,"53":262,"56":262,"57":262,"58":56,"59":48,"60":48,"63":206,"67":112,"68":112,"69":112,"70":112,"71":112,"73":112,"77":66,"78":38,"79":38,"80":2,"81":2,"86":460,"87":460},"path":"/Users/tonyjin/Crypto/kernel/contracts/periphery/operators/OperatorA.sol","s":{"1":127,"2":124,"3":123,"4":122,"5":122,"6":122,"7":122,"8":122,"9":121,"10":67,"11":54,"12":47,"13":7,"14":114,"15":262,"16":262,"17":262,"18":262,"19":262,"20":262,"21":262,"22":262,"23":262,"24":262,"25":262,"26":262,"27":56,"28":48,"29":48,"30":206,"31":112,"32":112,"33":112,"34":112,"35":112,"36":112,"37":66,"38":38,"39":38,"40":36,"41":2,"42":2,"43":460,"44":460},"b":{"1":[123,1],"2":[122,0],"3":[122,0],"4":[122,0],"5":[121,1],"6":[67,54],"7":[47,7],"8":[262,0],"9":[262,0],"10":[262,0],"11":[56,206],"12":[48,8],"13":[27,21],"14":[77,129],"15":[38,28],"16":[36,2],"17":[1,1]},"f":{"1":24,"2":127,"3":262,"4":66,"5":460},"fnMap":{"1":{"name":"constructor","line":13,"loc":{"start":{"line":12,"column":4},"end":{"line":14,"column":5}}},"2":{"name":"use","line":17,"loc":{"start":{"line":17,"column":4},"end":{"line":38,"column":4}}},"3":{"name":"route","line":41,"loc":{"start":{"line":41,"column":4},"end":{"line":74,"column":4}}},"4":{"name":"_observe","line":76,"loc":{"start":{"line":76,"column":4},"end":{"line":83,"column":4}}},"5":{"name":"_timeline","line":85,"loc":{"start":{"line":85,"column":4},"end":{"line":88,"column":4}}}},"statementMap":{"1":{"start":{"line":18,"column":8},"end":{"line":18,"column":59}},"2":{"start":{"line":19,"column":8},"end":{"line":19,"column":33}},"3":{"start":{"line":21,"column":8},"end":{"line":21,"column":67}},"4":{"start":{"line":22,"column":8},"end":{"line":22,"column":31}},"5":{"start":{"line":24,"column":8},"end":{"line":24,"column":55}},"6":{"start":{"line":25,"column":8},"end":{"line":25,"column":31}},"7":{"start":{"line":26,"column":8},"end":{"line":26,"column":44}},"8":{"start":{"line":27,"column":8},"end":{"line":27,"column":42}},"9":{"start":{"line":29,"column":8},"end":{"line":29,"column":908}},"10":{"start":{"line":30,"column":12},"end":{"line":30,"column":33}},"11":{"start":{"line":31,"column":15},"end":{"line":31,"column":986}},"12":{"start":{"line":32,"column":12},"end":{"line":32,"column":33}},"13":{"start":{"line":34,"column":12},"end":{"line":34,"column":22}},"14":{"start":{"line":37,"column":8},"end":{"line":37,"column":43}},"15":{"start":{"line":42,"column":8},"end":{"line":42,"column":56}},"16":{"start":{"line":43,"column":8},"end":{"line":43,"column":31}},"17":{"start":{"line":44,"column":8},"end":{"line":44,"column":44}},"18":{"start":{"line":45,"column":8},"end":{"line":45,"column":42}},"19":{"start":{"line":47,"column":8},"end":{"line":47,"column":67}},"20":{"start":{"line":49,"column":8},"end":{"line":49,"column":66}},"21":{"start":{"line":50,"column":8},"end":{"line":50,"column":60}},"22":{"start":{"line":51,"column":8},"end":{"line":51,"column":60}},"23":{"start":{"line":52,"column":8},"end":{"line":52,"column":62}},"24":{"start":{"line":53,"column":8},"end":{"line":53,"column":60}},"25":{"start":{"line":56,"column":8},"end":{"line":56,"column":34}},"26":{"start":{"line":57,"column":8},"end":{"line":57,"column":1913}},"27":{"start":{"line":58,"column":12},"end":{"line":58,"column":1974}},"28":{"start":{"line":59,"column":16},"end":{"line":59,"column":67}},"29":{"start":{"line":60,"column":16},"end":{"line":60,"column":59}},"30":{"start":{"line":63,"column":12},"end":{"line":63,"column":48}},"31":{"start":{"line":67,"column":8},"end":{"line":67,"column":52}},"32":{"start":{"line":68,"column":8},"end":{"line":68,"column":44}},"33":{"start":{"line":69,"column":8},"end":{"line":69,"column":28}},"34":{"start":{"line":70,"column":8},"end":{"line":70,"column":87}},"35":{"start":{"line":71,"column":8},"end":{"line":71,"column":59}},"36":{"start":{"line":73,"column":8},"end":{"line":73,"column":44}},"37":{"start":{"line":77,"column":8},"end":{"line":77,"column":2644}},"38":{"start":{"line":78,"column":12},"end":{"line":78,"column":68}},"39":{"start":{"line":79,"column":12},"end":{"line":79,"column":34}},"40":{"start":{"line":79,"column":28},"end":{"line":79,"column":34}},"41":{"start":{"line":80,"column":12},"end":{"line":80,"column":65}},"42":{"start":{"line":81,"column":12},"end":{"line":81,"column":36}},"43":{"start":{"line":86,"column":8},"end":{"line":86,"column":86}},"44":{"start":{"line":87,"column":8},"end":{"line":87,"column":63}}},"branchMap":{"1":{"line":19,"type":"if","locations":[{"start":{"line":19,"column":8},"end":{"line":19,"column":8}},{"start":{"line":19,"column":8},"end":{"line":19,"column":8}}]},"2":{"line":22,"type":"if","locations":[{"start":{"line":22,"column":8},"end":{"line":22,"column":8}},{"start":{"line":22,"column":8},"end":{"line":22,"column":8}}]},"3":{"line":25,"type":"if","locations":[{"start":{"line":25,"column":8},"end":{"line":25,"column":8}},{"start":{"line":25,"column":8},"end":{"line":25,"column":8}}]},"4":{"line":26,"type":"if","locations":[{"start":{"line":26,"column":8},"end":{"line":26,"column":8}},{"start":{"line":26,"column":8},"end":{"line":26,"column":8}}]},"5":{"line":27,"type":"if","locations":[{"start":{"line":27,"column":8},"end":{"line":27,"column":8}},{"start":{"line":27,"column":8},"end":{"line":27,"column":8}}]},"6":{"line":29,"type":"if","locations":[{"start":{"line":29,"column":8},"end":{"line":29,"column":8}},{"start":{"line":29,"column":8},"end":{"line":29,"column":8}}]},"7":{"line":31,"type":"if","locations":[{"start":{"line":31,"column":15},"end":{"line":31,"column":15}},{"start":{"line":31,"column":15},"end":{"line":31,"column":15}}]},"8":{"line":43,"type":"if","locations":[{"start":{"line":43,"column":8},"end":{"line":43,"column":8}},{"start":{"line":43,"column":8},"end":{"line":43,"column":8}}]},"9":{"line":44,"type":"if","locations":[{"start":{"line":44,"column":8},"end":{"line":44,"column":8}},{"start":{"line":44,"column":8},"end":{"line":44,"column":8}}]},"10":{"line":45,"type":"if","locations":[{"start":{"line":45,"column":8},"end":{"line":45,"column":8}},{"start":{"line":45,"column":8},"end":{"line":45,"column":8}}]},"11":{"line":57,"type":"if","locations":[{"start":{"line":57,"column":8},"end":{"line":57,"column":8}},{"start":{"line":57,"column":8},"end":{"line":57,"column":8}}]},"12":{"line":58,"type":"if","locations":[{"start":{"line":58,"column":12},"end":{"line":58,"column":12}},{"start":{"line":58,"column":12},"end":{"line":58,"column":12}}]},"13":{"line":60,"type":"if","locations":[{"start":{"line":60,"column":16},"end":{"line":60,"column":16}},{"start":{"line":60,"column":16},"end":{"line":60,"column":16}}]},"14":{"line":63,"type":"if","locations":[{"start":{"line":63,"column":12},"end":{"line":63,"column":12}},{"start":{"line":63,"column":12},"end":{"line":63,"column":12}}]},"15":{"line":77,"type":"if","locations":[{"start":{"line":77,"column":8},"end":{"line":77,"column":8}},{"start":{"line":77,"column":8},"end":{"line":77,"column":8}}]},"16":{"line":79,"type":"if","locations":[{"start":{"line":79,"column":12},"end":{"line":79,"column":12}},{"start":{"line":79,"column":12},"end":{"line":79,"column":12}}]},"17":{"line":81,"type":"if","locations":[{"start":{"line":81,"column":12},"end":{"line":81,"column":12}},{"start":{"line":81,"column":12},"end":{"line":81,"column":12}}]}}},"contracts/periphery/operators/OperatorB.sol":{"l":{"18":127,"19":124,"21":123,"22":122,"24":122,"25":122,"26":122,"27":122,"29":121,"30":67,"32":47,"34":7,"37":114,"42":262,"43":262,"44":262,"45":262,"47":262,"49":262,"50":262,"51":262,"52":262,"55":262,"56":262,"57":56,"58":48,"59":48,"62":206,"66":112,"67":112,"68":112,"69":112,"70":112,"72":112,"76":38,"77":38,"78":38,"79":2,"81":36,"87":460,"88":460},"path":"/Users/tonyjin/Crypto/kernel/contracts/periphery/operators/OperatorB.sol","s":{"1":127,"2":124,"3":123,"4":122,"5":122,"6":122,"7":122,"8":122,"9":121,"10":67,"11":54,"12":47,"13":7,"14":114,"15":262,"16":262,"17":262,"18":262,"19":262,"20":262,"21":262,"22":262,"23":262,"24":262,"25":262,"26":56,"27":48,"28":48,"29":206,"30":112,"31":112,"32":112,"33":112,"34":112,"35":112,"36":38,"37":38,"38":38,"39":2,"40":36,"41":460,"42":460},"b":{"1":[123,1],"2":[122,0],"3":[122,0],"4":[122,0],"5":[121,1],"6":[67,54],"7":[47,7],"8":[262,0],"9":[262,0],"10":[262,0],"11":[56,206],"12":[48,8],"13":[27,21],"14":[77,129],"15":[38,0],"16":[1,1]},"f":{"1":15,"2":127,"3":262,"4":38,"5":460},"fnMap":{"1":{"name":"constructor","line":13,"loc":{"start":{"line":12,"column":4},"end":{"line":14,"column":5}}},"2":{"name":"use","line":17,"loc":{"start":{"line":17,"column":4},"end":{"line":38,"column":4}}},"3":{"name":"route","line":41,"loc":{"start":{"line":41,"column":4},"end":{"line":73,"column":4}}},"4":{"name":"_observe","line":75,"loc":{"start":{"line":75,"column":4},"end":{"line":84,"column":4}}},"5":{"name":"_timeline","line":86,"loc":{"start":{"line":86,"column":4},"end":{"line":89,"column":4}}}},"statementMap":{"1":{"start":{"line":18,"column":8},"end":{"line":18,"column":59}},"2":{"start":{"line":19,"column":8},"end":{"line":19,"column":33}},"3":{"start":{"line":21,"column":8},"end":{"line":21,"column":67}},"4":{"start":{"line":22,"column":8},"end":{"line":22,"column":31}},"5":{"start":{"line":24,"column":8},"end":{"line":24,"column":55}},"6":{"start":{"line":25,"column":8},"end":{"line":25,"column":31}},"7":{"start":{"line":26,"column":8},"end":{"line":26,"column":44}},"8":{"start":{"line":27,"column":8},"end":{"line":27,"column":42}},"9":{"start":{"line":29,"column":8},"end":{"line":29,"column":908}},"10":{"start":{"line":30,"column":12},"end":{"line":30,"column":33}},"11":{"start":{"line":31,"column":15},"end":{"line":31,"column":986}},"12":{"start":{"line":32,"column":12},"end":{"line":32,"column":33}},"13":{"start":{"line":34,"column":12},"end":{"line":34,"column":22}},"14":{"start":{"line":37,"column":8},"end":{"line":37,"column":43}},"15":{"start":{"line":42,"column":8},"end":{"line":42,"column":56}},"16":{"start":{"line":43,"column":8},"end":{"line":43,"column":31}},"17":{"start":{"line":44,"column":8},"end":{"line":44,"column":44}},"18":{"start":{"line":45,"column":8},"end":{"line":45,"column":42}},"19":{"start":{"line":47,"column":8},"end":{"line":47,"column":67}},"20":{"start":{"line":49,"column":8},"end":{"line":49,"column":66}},"21":{"start":{"line":50,"column":8},"end":{"line":50,"column":60}},"22":{"start":{"line":51,"column":8},"end":{"line":51,"column":60}},"23":{"start":{"line":52,"column":8},"end":{"line":52,"column":61}},"24":{"start":{"line":55,"column":8},"end":{"line":55,"column":34}},"25":{"start":{"line":56,"column":8},"end":{"line":56,"column":1854}},"26":{"start":{"line":57,"column":12},"end":{"line":57,"column":1915}},"27":{"start":{"line":58,"column":16},"end":{"line":58,"column":67}},"28":{"start":{"line":59,"column":16},"end":{"line":59,"column":60}},"29":{"start":{"line":62,"column":12},"end":{"line":62,"column":49}},"30":{"start":{"line":66,"column":8},"end":{"line":66,"column":52}},"31":{"start":{"line":67,"column":8},"end":{"line":67,"column":44}},"32":{"start":{"line":68,"column":8},"end":{"line":68,"column":28}},"33":{"start":{"line":69,"column":8},"end":{"line":69,"column":87}},"34":{"start":{"line":70,"column":8},"end":{"line":70,"column":59}},"35":{"start":{"line":72,"column":8},"end":{"line":72,"column":44}},"36":{"start":{"line":76,"column":8},"end":{"line":76,"column":2587}},"37":{"start":{"line":77,"column":12},"end":{"line":77,"column":68}},"38":{"start":{"line":78,"column":12},"end":{"line":78,"column":2703}},"39":{"start":{"line":79,"column":16},"end":{"line":79,"column":40}},"40":{"start":{"line":81,"column":16},"end":{"line":81,"column":22}},"41":{"start":{"line":87,"column":8},"end":{"line":87,"column":87}},"42":{"start":{"line":88,"column":8},"end":{"line":88,"column":63}}},"branchMap":{"1":{"line":19,"type":"if","locations":[{"start":{"line":19,"column":8},"end":{"line":19,"column":8}},{"start":{"line":19,"column":8},"end":{"line":19,"column":8}}]},"2":{"line":22,"type":"if","locations":[{"start":{"line":22,"column":8},"end":{"line":22,"column":8}},{"start":{"line":22,"column":8},"end":{"line":22,"column":8}}]},"3":{"line":25,"type":"if","locations":[{"start":{"line":25,"column":8},"end":{"line":25,"column":8}},{"start":{"line":25,"column":8},"end":{"line":25,"column":8}}]},"4":{"line":26,"type":"if","locations":[{"start":{"line":26,"column":8},"end":{"line":26,"column":8}},{"start":{"line":26,"column":8},"end":{"line":26,"column":8}}]},"5":{"line":27,"type":"if","locations":[{"start":{"line":27,"column":8},"end":{"line":27,"column":8}},{"start":{"line":27,"column":8},"end":{"line":27,"column":8}}]},"6":{"line":29,"type":"if","locations":[{"start":{"line":29,"column":8},"end":{"line":29,"column":8}},{"start":{"line":29,"column":8},"end":{"line":29,"column":8}}]},"7":{"line":31,"type":"if","locations":[{"start":{"line":31,"column":15},"end":{"line":31,"column":15}},{"start":{"line":31,"column":15},"end":{"line":31,"column":15}}]},"8":{"line":43,"type":"if","locations":[{"start":{"line":43,"column":8},"end":{"line":43,"column":8}},{"start":{"line":43,"column":8},"end":{"line":43,"column":8}}]},"9":{"line":44,"type":"if","locations":[{"start":{"line":44,"column":8},"end":{"line":44,"column":8}},{"start":{"line":44,"column":8},"end":{"line":44,"column":8}}]},"10":{"line":45,"type":"if","locations":[{"start":{"line":45,"column":8},"end":{"line":45,"column":8}},{"start":{"line":45,"column":8},"end":{"line":45,"column":8}}]},"11":{"line":56,"type":"if","locations":[{"start":{"line":56,"column":8},"end":{"line":56,"column":8}},{"start":{"line":56,"column":8},"end":{"line":56,"column":8}}]},"12":{"line":57,"type":"if","locations":[{"start":{"line":57,"column":12},"end":{"line":57,"column":12}},{"start":{"line":57,"column":12},"end":{"line":57,"column":12}}]},"13":{"line":59,"type":"if","locations":[{"start":{"line":59,"column":16},"end":{"line":59,"column":16}},{"start":{"line":59,"column":16},"end":{"line":59,"column":16}}]},"14":{"line":62,"type":"if","locations":[{"start":{"line":62,"column":12},"end":{"line":62,"column":12}},{"start":{"line":62,"column":12},"end":{"line":62,"column":12}}]},"15":{"line":76,"type":"if","locations":[{"start":{"line":76,"column":8},"end":{"line":76,"column":8}},{"start":{"line":76,"column":8},"end":{"line":76,"column":8}}]},"16":{"line":79,"type":"if","locations":[{"start":{"line":79,"column":16},"end":{"line":79,"column":16}},{"start":{"line":79,"column":16},"end":{"line":79,"column":16}}]}}},"contracts/periphery/Sequencer.sol":{"l":{"39":51,"40":51,"41":51,"43":51,"48":2679,"53":2,"57":0,"62":1,"67":520,"68":519,"76":106,"78":104,"79":104,"80":104,"81":969,"87":293,"88":293,"89":287,"91":281,"93":281,"94":281,"95":1216,"96":1216,"98":1216,"99":1216,"101":1216,"102":1216,"103":935,"104":935,"106":281,"107":281,"111":281,"116":37,"117":35,"119":33,"121":33,"122":33,"123":109,"124":109,"126":109,"127":109,"129":109,"130":109,"131":76,"132":76,"134":33,"135":33,"139":33,"148":224,"152":5080,"156":287,"160":1488,"161":1488,"165":1488,"169":1484,"170":1484,"173":1484,"174":1484,"176":1484},"path":"/Users/tonyjin/Crypto/kernel/contracts/periphery/Sequencer.sol","s":{"1":51,"2":51,"3":51,"4":51,"5":2679,"6":2,"7":0,"8":1,"9":520,"10":519,"11":106,"12":104,"13":104,"14":104,"15":969,"16":293,"17":293,"18":287,"19":281,"20":281,"21":281,"22":1216,"23":1216,"24":1216,"25":1216,"26":1216,"27":1216,"28":935,"29":935,"30":281,"31":281,"32":281,"33":37,"34":35,"35":33,"36":33,"37":33,"38":109,"39":109,"40":109,"41":109,"42":109,"43":109,"44":76,"45":76,"46":33,"47":33,"48":33,"49":224,"50":5080,"51":287,"52":1488,"53":1488,"54":1488,"55":1484,"56":1484,"57":1484,"58":1484,"59":1484},"b":{"1":[519,1],"2":[104,2],"3":[287,6],"4":[281,6],"5":[1216,0],"6":[935,281],"7":[35,2],"8":[33,2],"9":[109,0],"10":[76,33]},"f":{"1":51,"2":2679,"3":2,"4":0,"5":1,"6":520,"7":106,"8":293,"9":37,"10":224,"11":5080,"12":287,"13":1488},"fnMap":{"1":{"name":"constructor","line":38,"loc":{"start":{"line":38,"column":4},"end":{"line":44,"column":4}}},"2":{"name":"cardinality","line":47,"loc":{"start":{"line":47,"column":4},"end":{"line":49,"column":4}}},"3":{"name":"cardinalityMax","line":52,"loc":{"start":{"line":52,"column":4},"end":{"line":54,"column":4}}},"4":{"name":"capacity","line":56,"loc":{"start":{"line":56,"column":4},"end":{"line":58,"column":4}}},"5":{"name":"compute","line":61,"loc":{"start":{"line":61,"column":4},"end":{"line":63,"column":4}}},"6":{"name":"clone","line":66,"loc":{"start":{"line":66,"column":4},"end":{"line":69,"column":4}}},"7":{"name":"clones","line":72,"loc":{"start":{"line":72,"column":4},"end":{"line":83,"column":4}}},"8":{"name":"deposit","line":86,"loc":{"start":{"line":86,"column":4},"end":{"line":112,"column":4}}},"9":{"name":"withdraw","line":115,"loc":{"start":{"line":115,"column":4},"end":{"line":140,"column":4}}},"10":{"name":"execute","line":145,"loc":{"start":{"line":143,"column":4},"end":{"line":149,"column":4}}},"11":{"name":"_cardinality","line":151,"loc":{"start":{"line":151,"column":4},"end":{"line":153,"column":4}}},"12":{"name":"_capacity","line":155,"loc":{"start":{"line":155,"column":4},"end":{"line":157,"column":4}}},"13":{"name":"_clone","line":159,"loc":{"start":{"line":159,"column":4},"end":{"line":177,"column":4}}}},"statementMap":{"1":{"start":{"line":39,"column":8},"end":{"line":39,"column":31}},"2":{"start":{"line":40,"column":8},"end":{"line":40,"column":56}},"3":{"start":{"line":41,"column":8},"end":{"line":41,"column":44}},"4":{"start":{"line":43,"column":8},"end":{"line":43,"column":42}},"5":{"start":{"line":48,"column":8},"end":{"line":48,"column":29}},"6":{"start":{"line":53,"column":8},"end":{"line":53,"column":25}},"7":{"start":{"line":57,"column":8},"end":{"line":57,"column":26}},"8":{"start":{"line":62,"column":8},"end":{"line":62,"column":117}},"9":{"start":{"line":67,"column":8},"end":{"line":67,"column":55}},"10":{"start":{"line":68,"column":8},"end":{"line":68,"column":23}},"11":{"start":{"line":76,"column":8},"end":{"line":76,"column":60}},"12":{"start":{"line":78,"column":8},"end":{"line":78,"column":39}},"13":{"start":{"line":79,"column":8},"end":{"line":79,"column":37}},"14":{"start":{"line":80,"column":8},"end":{"line":80,"column":2546}},"15":{"start":{"line":81,"column":12},"end":{"line":81,"column":46}},"16":{"start":{"line":87,"column":8},"end":{"line":87,"column":60}},"17":{"start":{"line":88,"column":8},"end":{"line":88,"column":32}},"18":{"start":{"line":89,"column":8},"end":{"line":89,"column":45}},"19":{"start":{"line":91,"column":8},"end":{"line":91,"column":27}},"20":{"start":{"line":93,"column":8},"end":{"line":93,"column":26}},"21":{"start":{"line":94,"column":8},"end":{"line":94,"column":2970}},"22":{"start":{"line":95,"column":12},"end":{"line":95,"column":56}},"23":{"start":{"line":96,"column":12},"end":{"line":96,"column":72}},"24":{"start":{"line":98,"column":12},"end":{"line":98,"column":42}},"25":{"start":{"line":99,"column":12},"end":{"line":99,"column":48}},"26":{"start":{"line":101,"column":12},"end":{"line":101,"column":110}},"27":{"start":{"line":102,"column":12},"end":{"line":102,"column":3355}},"28":{"start":{"line":103,"column":16},"end":{"line":103,"column":57}},"29":{"start":{"line":104,"column":16},"end":{"line":104,"column":35}},"30":{"start":{"line":106,"column":16},"end":{"line":106,"column":63}},"31":{"start":{"line":107,"column":16},"end":{"line":107,"column":31}},"32":{"start":{"line":111,"column":8},"end":{"line":111,"column":45}},"33":{"start":{"line":116,"column":8},"end":{"line":116,"column":31}},"34":{"start":{"line":117,"column":8},"end":{"line":117,"column":42}},"35":{"start":{"line":119,"column":8},"end":{"line":119,"column":26}},"36":{"start":{"line":121,"column":8},"end":{"line":121,"column":26}},"37":{"start":{"line":122,"column":8},"end":{"line":122,"column":3938}},"38":{"start":{"line":123,"column":12},"end":{"line":123,"column":55}},"39":{"start":{"line":124,"column":12},"end":{"line":124,"column":62}},"40":{"start":{"line":126,"column":12},"end":{"line":126,"column":42}},"41":{"start":{"line":127,"column":12},"end":{"line":127,"column":48}},"42":{"start":{"line":129,"column":12},"end":{"line":129,"column":100}},"43":{"start":{"line":130,"column":12},"end":{"line":130,"column":4301}},"44":{"start":{"line":131,"column":16},"end":{"line":131,"column":61}},"45":{"start":{"line":132,"column":16},"end":{"line":132,"column":31}},"46":{"start":{"line":134,"column":16},"end":{"line":134,"column":70}},"47":{"start":{"line":135,"column":16},"end":{"line":135,"column":30}},"48":{"start":{"line":139,"column":8},"end":{"line":139,"column":45}},"49":{"start":{"line":148,"column":8},"end":{"line":148,"column":60}},"50":{"start":{"line":152,"column":8},"end":{"line":152,"column":28}},"51":{"start":{"line":156,"column":8},"end":{"line":156,"column":96}},"52":{"start":{"line":160,"column":8},"end":{"line":160,"column":30}},"53":{"start":{"line":161,"column":8},"end":{"line":161,"column":94}},"54":{"start":{"line":165,"column":8},"end":{"line":165,"column":57}},"55":{"start":{"line":169,"column":8},"end":{"line":169,"column":34}},"56":{"start":{"line":170,"column":8},"end":{"line":170,"column":50}},"57":{"start":{"line":173,"column":8},"end":{"line":173,"column":31}},"58":{"start":{"line":174,"column":8},"end":{"line":174,"column":26}},"59":{"start":{"line":176,"column":8},"end":{"line":176,"column":35}}},"branchMap":{"1":{"line":67,"type":"if","locations":[{"start":{"line":67,"column":8},"end":{"line":67,"column":8}},{"start":{"line":67,"column":8},"end":{"line":67,"column":8}}]},"2":{"line":76,"type":"if","locations":[{"start":{"line":76,"column":8},"end":{"line":76,"column":8}},{"start":{"line":76,"column":8},"end":{"line":76,"column":8}}]},"3":{"line":88,"type":"if","locations":[{"start":{"line":88,"column":8},"end":{"line":88,"column":8}},{"start":{"line":88,"column":8},"end":{"line":88,"column":8}}]},"4":{"line":89,"type":"if","locations":[{"start":{"line":89,"column":8},"end":{"line":89,"column":8}},{"start":{"line":89,"column":8},"end":{"line":89,"column":8}}]},"5":{"line":99,"type":"if","locations":[{"start":{"line":99,"column":12},"end":{"line":99,"column":12}},{"start":{"line":99,"column":12},"end":{"line":99,"column":12}}]},"6":{"line":102,"type":"if","locations":[{"start":{"line":102,"column":12},"end":{"line":102,"column":12}},{"start":{"line":102,"column":12},"end":{"line":102,"column":12}}]},"7":{"line":116,"type":"if","locations":[{"start":{"line":116,"column":8},"end":{"line":116,"column":8}},{"start":{"line":116,"column":8},"end":{"line":116,"column":8}}]},"8":{"line":117,"type":"if","locations":[{"start":{"line":117,"column":8},"end":{"line":117,"column":8}},{"start":{"line":117,"column":8},"end":{"line":117,"column":8}}]},"9":{"line":127,"type":"if","locations":[{"start":{"line":127,"column":12},"end":{"line":127,"column":12}},{"start":{"line":127,"column":12},"end":{"line":127,"column":12}}]},"10":{"line":130,"type":"if","locations":[{"start":{"line":130,"column":12},"end":{"line":130,"column":12}},{"start":{"line":130,"column":12},"end":{"line":130,"column":12}}]}}},"contracts/periphery/Shard.sol":{"l":{"17":1538,"18":1538,"23":109,"28":1484,"36":228,"37":228,"39":228,"40":228,"41":228,"42":228,"43":228,"46":228},"path":"/Users/tonyjin/Crypto/kernel/contracts/periphery/Shard.sol","s":{"1":1538,"2":1538,"3":109,"4":1484,"5":228,"6":228,"7":228,"8":228,"9":228,"10":228,"11":0,"12":228,"13":228},"b":{"1":[228,0],"2":[0,228]},"f":{"1":1538,"2":109,"3":1484,"4":228},"fnMap":{"1":{"name":"initialize","line":16,"loc":{"start":{"line":16,"column":4},"end":{"line":19,"column":4}}},"2":{"name":"transfer","line":22,"loc":{"start":{"line":22,"column":4},"end":{"line":24,"column":4}}},"3":{"name":"delegate","line":27,"loc":{"start":{"line":27,"column":4},"end":{"line":29,"column":4}}},"4":{"name":"execute","line":35,"loc":{"start":{"line":32,"column":4},"end":{"line":47,"column":4}}}},"statementMap":{"1":{"start":{"line":17,"column":8},"end":{"line":17,"column":59}},"2":{"start":{"line":18,"column":8},"end":{"line":18,"column":26}},"3":{"start":{"line":23,"column":8},"end":{"line":23,"column":53}},"4":{"start":{"line":28,"column":8},"end":{"line":28,"column":48}},"5":{"start":{"line":36,"column":8},"end":{"line":36,"column":66}},"6":{"start":{"line":37,"column":8},"end":{"line":37,"column":61}},"7":{"start":{"line":39,"column":8},"end":{"line":39,"column":44}},"8":{"start":{"line":40,"column":8},"end":{"line":40,"column":1342}},"9":{"start":{"line":41,"column":12},"end":{"line":41,"column":74}},"10":{"start":{"line":42,"column":12},"end":{"line":42,"column":73}},"11":{"start":{"line":42,"column":26},"end":{"line":42,"column":72}},"12":{"start":{"line":43,"column":12},"end":{"line":43,"column":30}},"13":{"start":{"line":46,"column":8},"end":{"line":46,"column":44}}},"branchMap":{"1":{"line":36,"type":"if","locations":[{"start":{"line":36,"column":8},"end":{"line":36,"column":8}},{"start":{"line":36,"column":8},"end":{"line":36,"column":8}}]},"2":{"line":42,"type":"if","locations":[{"start":{"line":42,"column":12},"end":{"line":42,"column":12}},{"start":{"line":42,"column":12},"end":{"line":42,"column":12}}]}}},"contracts/periphery/tokens/AToken.sol":{"l":{"28":3,"29":3,"34":6,"35":6,"36":4,"41":3,"42":3,"43":2,"44":2},"path":"/Users/tonyjin/Crypto/kernel/contracts/periphery/tokens/AToken.sol","s":{"1":3,"2":3,"3":6,"4":6,"5":4,"6":3,"7":3,"8":2,"9":2},"b":{"1":[4,2],"2":[4,0],"3":[2,1],"4":[2,0]},"f":{"1":3,"2":6,"3":3},"fnMap":{"1":{"name":"constructor","line":27,"loc":{"start":{"line":22,"column":4},"end":{"line":30,"column":4}}},"2":{"name":"mint","line":33,"loc":{"start":{"line":33,"column":4},"end":{"line":37,"column":4}}},"3":{"name":"burn","line":40,"loc":{"start":{"line":40,"column":4},"end":{"line":45,"column":4}}}},"statementMap":{"1":{"start":{"line":28,"column":8},"end":{"line":28,"column":23}},"2":{"start":{"line":29,"column":8},"end":{"line":29,"column":31}},"3":{"start":{"line":34,"column":8},"end":{"line":34,"column":77}},"4":{"start":{"line":35,"column":8},"end":{"line":35,"column":31}},"5":{"start":{"line":36,"column":8},"end":{"line":36,"column":41}},"6":{"start":{"line":41,"column":8},"end":{"line":41,"column":41}},"7":{"start":{"line":42,"column":8},"end":{"line":42,"column":31}},"8":{"start":{"line":43,"column":8},"end":{"line":43,"column":52}},"9":{"start":{"line":44,"column":8},"end":{"line":44,"column":71}}},"branchMap":{"1":{"line":35,"type":"if","locations":[{"start":{"line":35,"column":8},"end":{"line":35,"column":8}},{"start":{"line":35,"column":8},"end":{"line":35,"column":8}}]},"2":{"line":36,"type":"if","locations":[{"start":{"line":36,"column":8},"end":{"line":36,"column":8}},{"start":{"line":36,"column":8},"end":{"line":36,"column":8}}]},"3":{"line":42,"type":"if","locations":[{"start":{"line":42,"column":8},"end":{"line":42,"column":8}},{"start":{"line":42,"column":8},"end":{"line":42,"column":8}}]},"4":{"line":43,"type":"if","locations":[{"start":{"line":43,"column":8},"end":{"line":43,"column":8}},{"start":{"line":43,"column":8},"end":{"line":43,"column":8}}]}}},"contracts/periphery/tokens/VToken.sol":{"l":{"28":3,"29":3,"34":6,"35":6,"36":4,"41":3,"42":3,"43":2,"44":2},"path":"/Users/tonyjin/Crypto/kernel/contracts/periphery/tokens/VToken.sol","s":{"1":3,"2":3,"3":6,"4":6,"5":4,"6":3,"7":3,"8":2,"9":2},"b":{"1":[4,2],"2":[4,0],"3":[2,1],"4":[2,0]},"f":{"1":3,"2":6,"3":3},"fnMap":{"1":{"name":"constructor","line":27,"loc":{"start":{"line":22,"column":4},"end":{"line":30,"column":4}}},"2":{"name":"mint","line":33,"loc":{"start":{"line":33,"column":4},"end":{"line":37,"column":4}}},"3":{"name":"burn","line":40,"loc":{"start":{"line":40,"column":4},"end":{"line":45,"column":4}}}},"statementMap":{"1":{"start":{"line":28,"column":8},"end":{"line":28,"column":23}},"2":{"start":{"line":29,"column":8},"end":{"line":29,"column":31}},"3":{"start":{"line":34,"column":8},"end":{"line":34,"column":77}},"4":{"start":{"line":35,"column":8},"end":{"line":35,"column":31}},"5":{"start":{"line":36,"column":8},"end":{"line":36,"column":41}},"6":{"start":{"line":41,"column":8},"end":{"line":41,"column":41}},"7":{"start":{"line":42,"column":8},"end":{"line":42,"column":31}},"8":{"start":{"line":43,"column":8},"end":{"line":43,"column":52}},"9":{"start":{"line":44,"column":8},"end":{"line":44,"column":71}}},"branchMap":{"1":{"line":35,"type":"if","locations":[{"start":{"line":35,"column":8},"end":{"line":35,"column":8}},{"start":{"line":35,"column":8},"end":{"line":35,"column":8}}]},"2":{"line":36,"type":"if","locations":[{"start":{"line":36,"column":8},"end":{"line":36,"column":8}},{"start":{"line":36,"column":8},"end":{"line":36,"column":8}}]},"3":{"line":42,"type":"if","locations":[{"start":{"line":42,"column":8},"end":{"line":42,"column":8}},{"start":{"line":42,"column":8},"end":{"line":42,"column":8}}]},"4":{"line":43,"type":"if","locations":[{"start":{"line":43,"column":8},"end":{"line":43,"column":8}},{"start":{"line":43,"column":8},"end":{"line":43,"column":8}}]}}}}